{
  "RSpec": {
    "coverage": {
      "/home/judson/ruby/gems/rspec-steps/lib/rspec-steps.rb": [
        1,
        1
      ],
      "/home/judson/ruby/gems/rspec-steps/lib/rspec-steps/duckpunch/object-extensions.rb": [
        1,
        1,
        1,
        null,
        1,
        1,
        1,
        null,
        1
      ],
      "/home/judson/ruby/gems/rspec-steps/lib/rspec-steps/duckpunch/example-group.rb": [
        1,
        1,
        null,
        1,
        1,
        1,
        1,
        null,
        0,
        null,
        1,
        null,
        1,
        1,
        1,
        null,
        1,
        null,
        null,
        null,
        null,
        1,
        1,
        null,
        1
      ],
      "/home/judson/ruby/gems/rspec-steps/lib/rspec-steps/stepwise.rb": [
        1,
        1,
        1,
        2,
        2,
        null,
        null,
        1,
        null,
        null,
        1,
        null,
        null,
        1,
        null,
        2,
        null,
        2,
        4,
        4,
        4,
        1,
        1,
        null,
        4,
        4,
        null,
        4,
        4,
        null,
        null,
        null,
        null,
        null,
        null,
        1,
        1,
        null,
        null,
        1,
        null,
        null,
        1,
        0,
        null,
        null,
        null,
        1,
        null,
        null,
        1,
        2,
        0,
        0,
        0,
        null,
        0,
        null,
        0,
        null,
        null,
        2,
        null,
        null,
        null,
        1,
        0,
        0,
        null,
        0,
        null,
        null,
        1,
        0,
        0,
        null,
        0,
        null,
        null,
        1,
        0,
        0,
        null,
        0,
        null,
        null,
        1,
        0,
        0,
        null,
        0,
        0,
        null,
        null,
        1,
        2,
        null,
        2,
        2,
        2,
        2,
        null,
        2,
        2,
        null,
        null,
        null,
        null,
        1,
        null,
        1,
        4,
        4,
        4,
        4,
        null,
        0,
        0,
        null,
        null,
        1,
        21,
        7,
        null,
        null,
        null,
        1,
        3,
        null,
        null
      ]
    },
    "timestamp": 1363137313
  }
}
